======
pjl12-688
 -= DOSLEG URL: http://www.senat.fr/dossier-legislatif/pjl12-688.html =-
  [] download SENAT version
  [] parse SENAT version
  [] download AN version
  [] parse AN version
## WARNING ### FOUND ANOTHER DOSLEG INSIDE THE DOSLEG
     WARNING: TOOK FIRST DOSLEG BUT THERE ARE 2 OF THEM
        title: projet de loi organique relatif à la transparence de la vie publique
  [] parse the texts
** parsing texts
    ^ text:  http://www.assemblee-nationale.fr/14/projets/pl1004.asp
    ^ text:  http://www.assemblee-nationale.fr/14/ta-commission/r1108-a0.asp
    ^ text:  http://www.assemblee-nationale.fr/14/ta/ta0161.asp
    ^ text:  https://www.senat.fr/leg/pjl12-688.html
    ^ text:  https://www.senat.fr/leg/pjl12-723.html
    ^ text:  None
    ^ text:  https://www.senat.fr/leg/pjl12-732.html
    ^ text:  https://www.senat.fr/leg/tas12-192.html
    ^ text:  https://www.senat.fr/leg/pjl12-771.html
    ^ text:  http://www.assemblee-nationale.fr/14/projets/pl1249.asp
    ^ text:  http://www.assemblee-nationale.fr/14/ta-commission/r1279-a0.asp
    ^ text:  http://www.assemblee-nationale.fr/14/ta/ta0191.asp
    ^ text:  https://www.senat.fr/leg/pjl12-797.html
    ^ text:  https://www.senat.fr/leg/pjl12-802.html
    ^ text:  https://www.senat.fr/leg/tas12-210.html
    ^ text:  http://www.assemblee-nationale.fr/14/ta/ta0191.asp
    ^ text:  http://www.assemblee-nationale.fr/14/ta/ta0209.asp
    ^ text:  https://www.conseil-constitutionnel.fr/decision/2013/2013675DC.htm
        ^ text url fixed: https://www.legifrance.gouv.fr/jorf/id/JORFTEXT000028056223/
    ^ text:  https://www.legifrance.gouv.fr/affichTexte.do?cidTexte=JORFTEXT000028056223&categorieLien=id
    ^ complete text:  http://www.assemblee-nationale.fr/14/projets/pl1004.asp
    ^ complete text:  http://www.assemblee-nationale.fr/14/ta-commission/r1108-a0.asp
    ^ complete text:  http://www.assemblee-nationale.fr/14/ta/ta0161.asp
    ^ complete text:  https://www.senat.fr/leg/pjl12-688.html
    ^ complete text:  https://www.senat.fr/leg/pjl12-723.html
    ^ complete text:  None
    ^ complete text:  https://www.senat.fr/leg/pjl12-732.html
    ^ complete text:  https://www.senat.fr/leg/tas12-192.html
    ^ complete text:  https://www.senat.fr/leg/pjl12-771.html
    ^ complete text:  http://www.assemblee-nationale.fr/14/projets/pl1249.asp
    ^ complete text:  http://www.assemblee-nationale.fr/14/ta-commission/r1279-a0.asp
    ^ complete text:  http://www.assemblee-nationale.fr/14/ta/ta0191.asp
    ^ complete text:  https://www.senat.fr/leg/pjl12-797.html
    ^ complete text:  https://www.senat.fr/leg/pjl12-802.html
    ^ complete text:  https://www.senat.fr/leg/tas12-210.html
    ^ complete text:  http://www.assemblee-nationale.fr/14/ta/ta0191.asp
[step_logic] l. définitive / depot: fetching last AN hemi or last CMP commission
    ^ complete text:  http://www.assemblee-nationale.fr/14/ta/ta0209.asp
[step_logic] l. définitive / hemicycle: fetching last AN hemi or last CMP commission
    ^ complete text:  https://www.conseil-constitutionnel.fr/decision/2013/2013675DC.htm
    ^ complete text:  https://www.legifrance.gouv.fr/affichTexte.do?cidTexte=JORFTEXT000028056223&categorieLien=id
  [] format data for the frontend
     writing to: pjl12-688_tmp
 - process article versions
      * preparing articles for step 00_1erelecture_assemblee_depot
      * preparing articles for step 01_1erelecture_assemblee_commission
      * preparing articles for step 02_1erelecture_assemblee_hemicycle
      * preparing articles for step 04_1erelecture_senat_commission
      * preparing articles for step 05_1erelecture_senat_hemicycle
      * preparing articles for step 06_1erelecture_senat_commission
      * preparing articles for step 07_1erelecture_senat_hemicycle
      * preparing articles for step 08_cmp_cmp_commission
      * preparing articles for step 10_nouv.lect._assemblee_commission
      * preparing articles for step 11_nouv.lect._assemblee_hemicycle
      * preparing articles for step 13_nouv.lect._senat_commission
      * preparing articles for step 14_nouv.lect._senat_hemicycle
      * preparing articles for step 16_l.définitive_assemblee_hemicycle
Matched an article deleted in this step 1er_A
      * preparing articles for step 17_constitutionnalité_conseilconstitutionnel_
 - process amendements & interventions
    * step - 1ère lecture depot http://www.assemblee-nationale.fr/14/projets/pl1004.asp
    * step - 1ère lecture commission http://www.assemblee-nationale.fr/14/ta-commission/r1108-a0.asp
      * downloading amendments: https://2012-2017.nosdeputes.fr/14/amendements/1004/json?cache=lfdll-prod for http://www.assemblee-nationale.fr/14/projets/pl1004.asp
        parsing amendments: 89
      * downloading interventions
        * downloading seances -  https://2012-2017.nosdeputes.fr/14/seances/1004/json?commission=1
           downloading seance -  https://2012-2017.nosdeputes.fr/14/seance/1461/1004/json
            dumping seance - 2013-06-04T17:30_1461
           downloading seance -  https://2012-2017.nosdeputes.fr/14/seance/1525/1004/json
            dumping seance - 2013-06-17T15:00_1525
    * step - 1ère lecture hemicycle http://www.assemblee-nationale.fr/14/ta/ta0161.asp
      * downloading amendments: https://2012-2017.nosdeputes.fr/14/amendements/1108/json?cache=lfdll-prod for http://www.assemblee-nationale.fr/14/ta-commission/r1108-a0.asp
        parsing amendments: 382
      * downloading interventions
        * downloading seances -  https://2012-2017.nosdeputes.fr/14/seances/1108/json?hemicycle=1
           downloading seance -  https://2012-2017.nosdeputes.fr/14/seance/1530/1108/json
            dumping seance - 2013-06-17T21:30_1530
           downloading seance -  https://2012-2017.nosdeputes.fr/14/seance/1540/1108/json
            dumping seance - 2013-06-18T21:30_1540
           downloading seance -  https://2012-2017.nosdeputes.fr/14/seance/1553/1108/json
            dumping seance - 2013-06-19T21:30_1553
           downloading seance -  https://2012-2017.nosdeputes.fr/14/seance/1555/1108/json
            dumping seance - 2013-06-19T15:00_1555
           downloading seance -  https://2012-2017.nosdeputes.fr/14/seance/1624/1108/json
            dumping seance - 2013-06-25T15:00_1624
           downloading seance -  https://2012-2017.nosdeputes.fr/14/seance/1818/1108/json
            dumping seance - 2013-06-18T15:00_1818
           downloading seance -  https://2012-2017.nosdeputes.fr/14/seance/1832/1108/json
            dumping seance - 2013-07-22T21:45_1832
           downloading seance -  https://2012-2017.nosdeputes.fr/14/seance/1834/1108/json
            dumping seance - 2013-07-22T17:00_1834
           downloading seance -  https://2012-2017.nosdeputes.fr/14/seance/2137/1108/json
            dumping seance - 2013-09-11T15:00_2137
           downloading seance -  https://2012-2017.nosdeputes.fr/14/seance/2140/1108/json
            dumping seance - 2013-07-23T15:00_2140
           downloading seance -  https://2012-2017.nosdeputes.fr/14/seance/2142/1108/json
            dumping seance - 2013-09-17T15:00_2142
    * step - 1ère lecture depot https://www.senat.fr/leg/pjl12-688.html
    * step - 1ère lecture commission https://www.senat.fr/leg/pjl12-723.html
      * downloading amendments: https://www.nossenateurs.fr/amendements/20122013-688/json?cache=lfdll-prod for https://www.senat.fr/leg/pjl12-688.html
        parsing amendments: 237
WARNING: amendments ignored (not the right step) 185
      * downloading interventions
        * downloading seances -  https://www.nossenateurs.fr/seances/20122013-688/json?commission=1
    * step - 1ère lecture hemicycle None
      * downloading amendments: https://www.nossenateurs.fr/amendements/20122013-723/json?cache=lfdll-prod for https://www.senat.fr/leg/pjl12-723.html
        parsing amendments: 130
      * downloading interventions
        * downloading seances -  https://www.nossenateurs.fr/seances/20122013-723/json?hemicycle=1
           downloading seance -  https://www.nossenateurs.fr/seance/9679/20122013-723/json
            dumping seance - 2013-07-09T14:30_9679
    * step - 1ère lecture commission https://www.senat.fr/leg/pjl12-732.html
      * downloading amendments: https://www.nossenateurs.fr/amendements/20122013-688/json?cache=lfdll-prod for https://www.senat.fr/leg/pjl12-688.html
        parsing amendments: 237
WARNING: amendments ignored (not the right step) 185
      * downloading interventions
        * downloading seances -  https://www.nossenateurs.fr/seances/20122013-688/json?commission=1
        * downloading seances -  https://www.nossenateurs.fr/seances/20122013-723/json?commission=1
    * step - 1ère lecture hemicycle https://www.senat.fr/leg/tas12-192.html
      * downloading amendments: https://www.nossenateurs.fr/amendements/20122013-688/json?cache=lfdll-prod for https://www.senat.fr/leg/pjl12-688.html
        parsing amendments: 237
WARNING: amendments ignored (not the right step) 52
      * downloading interventions
        * downloading seances -  https://www.nossenateurs.fr/seances/20122013-688/json?hemicycle=1
           downloading seance -  https://www.nossenateurs.fr/seance/9679/20122013-688/json
            dumping seance - 2013-07-09T14:30_9679
           downloading seance -  https://www.nossenateurs.fr/seance/9693/20122013-688/json
            dumping seance - 2013-07-12T09:30_9693
           downloading seance -  https://www.nossenateurs.fr/seance/9719/20122013-688/json
            dumping seance - 2013-07-15T15:10_9719
    * step - CMP commission https://www.senat.fr/leg/pjl12-771.html
    * step - nouv. lect. depot http://www.assemblee-nationale.fr/14/projets/pl1249.asp
    * step - nouv. lect. commission http://www.assemblee-nationale.fr/14/ta-commission/r1279-a0.asp
      * downloading amendments: https://2012-2017.nosdeputes.fr/14/amendements/1249/json?cache=lfdll-prod for http://www.assemblee-nationale.fr/14/projets/pl1249.asp
        parsing amendments: 6
      * downloading interventions
        * downloading seances -  https://2012-2017.nosdeputes.fr/14/seances/1249/json?commission=1
           downloading seance -  https://2012-2017.nosdeputes.fr/14/seance/1741/1249/json
            dumping seance - 2013-07-17T14:00_1741
           downloading seance -  https://2012-2017.nosdeputes.fr/14/seance/1764/1249/json
            dumping seance - 2013-07-22T16:00_1764
    * step - nouv. lect. hemicycle http://www.assemblee-nationale.fr/14/ta/ta0191.asp
      * downloading amendments: https://2012-2017.nosdeputes.fr/14/amendements/1279/json?cache=lfdll-prod for http://www.assemblee-nationale.fr/14/ta-commission/r1279-a0.asp
        parsing amendments: 37
      * downloading interventions
        * downloading seances -  https://2012-2017.nosdeputes.fr/14/seances/1279/json?hemicycle=1
           downloading seance -  https://2012-2017.nosdeputes.fr/14/seance/1530/1279/json
            dumping seance - 2013-06-17T21:30_1530
           downloading seance -  https://2012-2017.nosdeputes.fr/14/seance/1540/1279/json
            dumping seance - 2013-06-18T21:30_1540
           downloading seance -  https://2012-2017.nosdeputes.fr/14/seance/1553/1279/json
            dumping seance - 2013-06-19T21:30_1553
           downloading seance -  https://2012-2017.nosdeputes.fr/14/seance/1555/1279/json
            dumping seance - 2013-06-19T15:00_1555
           downloading seance -  https://2012-2017.nosdeputes.fr/14/seance/1624/1279/json
            dumping seance - 2013-06-25T15:00_1624
           downloading seance -  https://2012-2017.nosdeputes.fr/14/seance/1818/1279/json
            dumping seance - 2013-06-18T15:00_1818
           downloading seance -  https://2012-2017.nosdeputes.fr/14/seance/1832/1279/json
            dumping seance - 2013-07-22T21:45_1832
           downloading seance -  https://2012-2017.nosdeputes.fr/14/seance/1834/1279/json
            dumping seance - 2013-07-22T17:00_1834
           downloading seance -  https://2012-2017.nosdeputes.fr/14/seance/2137/1279/json
            dumping seance - 2013-09-11T15:00_2137
           downloading seance -  https://2012-2017.nosdeputes.fr/14/seance/2140/1279/json
            dumping seance - 2013-07-23T15:00_2140
           downloading seance -  https://2012-2017.nosdeputes.fr/14/seance/2142/1279/json
            dumping seance - 2013-09-17T15:00_2142
    * step - nouv. lect. depot https://www.senat.fr/leg/pjl12-797.html
    * step - nouv. lect. commission https://www.senat.fr/leg/pjl12-802.html
      * downloading amendments: https://www.nossenateurs.fr/amendements/20122013-797/json?cache=lfdll-prod for https://www.senat.fr/leg/pjl12-797.html
        parsing amendments: 48
WARNING: amendments ignored (not the right step) 48
      * downloading interventions
        * downloading seances -  https://www.nossenateurs.fr/seances/20122013-797/json?commission=1
    * step - nouv. lect. hemicycle https://www.senat.fr/leg/tas12-210.html
      * downloading amendments: https://www.nossenateurs.fr/amendements/20122013-797/json?cache=lfdll-prod for https://www.senat.fr/leg/pjl12-797.html
        parsing amendments: 48
      * downloading interventions
        * downloading seances -  https://www.nossenateurs.fr/seances/20122013-797/json?hemicycle=1
           downloading seance -  https://www.nossenateurs.fr/seance/9773/20122013-797/json
            dumping seance - 2013-07-25T09:30_9773
    * step - l. définitive depot http://www.assemblee-nationale.fr/14/ta/ta0191.asp
    * step - l. définitive hemicycle http://www.assemblee-nationale.fr/14/ta/ta0209.asp
[step_logic] l. définitive / hemicycle: fetching last AN hemi or last CMP commission
      * downloading amendments: https://2012-2017.nosdeputes.fr/14/amendements/TA191/json?cache=lfdll-prod for http://www.assemblee-nationale.fr/14/ta/ta0191.asp
 WARNING: TA - trying alternative url too https://2012-2017.nosdeputes.fr/14/amendements/TA0191/json?cache=lfdll-prod
        parsing amendments: 4
WARNING: amendments ignored (not the right step) 3
      * downloading interventions
        * downloading seances -  https://2012-2017.nosdeputes.fr/14/seances/TA191/json?hemicycle=1
    * step - constitutionnalité None https://www.conseil-constitutionnel.fr/decision/2013/2013675DC.htm
    * step - promulgation None https://www.legifrance.gouv.fr/affichTexte.do?cidTexte=JORFTEXT000028056223&categorieLien=id
 - re-order interventions and correct procedure dates
INFO: change beginning date of 1 thanks to 2013-06-04T17:30_1461
INFO: change end date of 1 thanks to 2013-06-17T15:00_1525
INFO: change beginning date of 2 thanks to 2013-06-17T21:30_1530
INFO: moves  2013-07-22T21:45_1832  from step 2 to step 10
INFO: moves  2013-07-22T17:00_1834  from step 2 to step 10
INFO: moves  2013-09-11T15:00_2137  from step 2 to step 15
INFO: moves  2013-07-23T15:00_2140  from step 2 to step 10
INFO: moves  2013-09-17T15:00_2142  from step 2 to step 15
INFO: change beginning date of 7 thanks to 2013-07-09T14:30_9679
INFO: change end date of 10 thanks to 2013-07-22T16:00_1764
INFO: change end date of 10 thanks to 2013-07-23T15:00_2140
ERROR: PB date of 2013-06-17T21:30_1530 , step begins 2013-07-23 and prev date ends 2013-07-23
ERROR: PB date of 2013-06-18T21:30_1540 , step begins 2013-07-23 and prev date ends 2013-07-23
ERROR: PB date of 2013-06-19T21:30_1553 , step begins 2013-07-23 and prev date ends 2013-07-23
ERROR: PB date of 2013-06-19T15:00_1555 , step begins 2013-07-23 and prev date ends 2013-07-23
ERROR: PB date of 2013-06-25T15:00_1624 , step begins 2013-07-23 and prev date ends 2013-07-23
ERROR: PB date of 2013-06-18T15:00_1818 , step begins 2013-07-23 and prev date ends 2013-07-23
INFO: change beginning date of 11 thanks to 2013-07-22T21:45_1832
INFO: moves  2013-09-11T15:00_2137  from step 11 to step 15
INFO: moves  2013-09-17T15:00_2142  from step 11 to step 15
INFO: change end date of 15 thanks to 2013-09-11T15:00_2137
INFO: change end date of 15 thanks to 2013-09-17T15:00_2142
 - prepare interventions.json
 - compute stats
  FINISHED - pjl12-688
