======
pjl07-365
 -= DOSLEG URL: http://www.senat.fr/dossier-legislatif/pjl07-365.html =-
  [] download SENAT version
  [] parse SENAT version
  [] download AN version
  [] parse AN version
        title: projet de loi constitutionnelle de modernisation des institutions de la Ve République
  [] parse the texts
** parsing texts
    ^ text:  http://www.assemblee-nationale.fr/13/projets/pl0820.asp
    ^ text:  http://www.assemblee-nationale.fr/13/rapports/r0892.asp
    ^ text:  http://www.assemblee-nationale.fr/13/ta/ta0150.asp
    ^ text:  https://www.senat.fr/leg/pjl07-365.html
    ^ text:  https://www.senat.fr/rap/l07-387/l07-387.html
    ^ text:  https://www.senat.fr/leg/tas07-116.html
    ^ text:  http://www.assemblee-nationale.fr/13/projets/pl0993.asp
    ^ text:  http://www.assemblee-nationale.fr/13/rapports/r1009.asp
    ^ text:  http://www.assemblee-nationale.fr/13/ta/ta0172.asp
    ^ text:  https://www.senat.fr/leg/pjl07-459.html
    ^ text:  https://www.senat.fr/rap/l07-463/l07-463.html
    ^ text:  https://www.senat.fr/leg/tas07-137.html
    ^ text:  https://www.senat.fr/leg/tac07-002.html
    ^ text:  https://www.legifrance.gouv.fr/affichTexte.do?cidTexte=JORFTEXT000019237256&categorieLien=id
    ^ complete text:  http://www.assemblee-nationale.fr/13/projets/pl0820.asp
    ^ complete text:  http://www.assemblee-nationale.fr/13/rapports/r0892.asp
    ^ complete text:  http://www.assemblee-nationale.fr/13/ta/ta0150.asp
    ^ complete text:  https://www.senat.fr/leg/pjl07-365.html
    ^ complete text:  https://www.senat.fr/rap/l07-387/l07-387.html
    ^ complete text:  https://www.senat.fr/leg/tas07-116.html
    ^ complete text:  http://www.assemblee-nationale.fr/13/projets/pl0993.asp
    ^ complete text:  http://www.assemblee-nationale.fr/13/rapports/r1009.asp
    ^ complete text:  http://www.assemblee-nationale.fr/13/ta/ta0172.asp
    ^ complete text:  https://www.senat.fr/leg/pjl07-459.html
    ^ complete text:  https://www.senat.fr/rap/l07-463/l07-463.html
    ^ complete text:  https://www.senat.fr/leg/tas07-137.html
WARNING BIG DIFFERENCE BETWEEN RENUMBERED ARTICLE 24 <-> 26 431 Vs 613 chars, similarity; 0.70
WARNING BIG DIFFERENCE BETWEEN RENUMBERED ARTICLE 25 <-> 27 20 Vs 285 chars, similarity; 0.07
    ^ complete text:  https://www.senat.fr/leg/tac07-002.html
    ^ complete text:  https://www.legifrance.gouv.fr/affichTexte.do?cidTexte=JORFTEXT000019237256&categorieLien=id
  [] format data for the frontend
     writing to: pjl07-365_tmp
 - process article versions
      * preparing articles for step 00_1erelecture_assemblee_depot
      * preparing articles for step 02_1erelecture_assemblee_hemicycle
      * preparing articles for step 05_1erelecture_senat_hemicycle
      * preparing articles for step 08_2emelecture_assemblee_hemicycle
      * preparing articles for step 11_2emelecture_senat_hemicycle
      * preparing articles for step 12_congres_congres_hemicycle
 - process amendements & interventions
    * step - 1ère lecture depot http://www.assemblee-nationale.fr/13/projets/pl0820.asp
    * step - 1ère lecture commission http://www.assemblee-nationale.fr/13/rapports/r0892.asp
      * downloading amendments: https://nosdeputes.fr/13/amendements/820/json?cache=5feb2018 for http://www.assemblee-nationale.fr/13/projets/pl0820.asp
        parsing amendments: 631
WARNING: amendments ignored (not the right step) 631
      * downloading interventions
        * downloading seances -  https://2007-2012.nosdeputes.fr/seances/820/json?commission=1
           downloading seance -  https://2007-2012.nosdeputes.fr/seance/1050/820/json
            dumping seance - 2008-05-06T16:15_1050
           downloading seance -  https://2007-2012.nosdeputes.fr/seance/1280/820/json
            dumping seance - 2008-05-20T14:45_1280
           downloading seance -  https://2007-2012.nosdeputes.fr/seance/1305/820/json
            dumping seance - 2008-05-14T16:15_1305
           downloading seance -  https://2007-2012.nosdeputes.fr/seance/1456/820/json
            dumping seance - 2008-05-13T16:30_1456
           downloading seance -  https://2007-2012.nosdeputes.fr/seance/1462/820/json
            dumping seance - 2008-05-13T17:15_1462
           downloading seance -  https://2007-2012.nosdeputes.fr/seance/1469/820/json
            dumping seance - 2008-05-14T09:30_1469
           downloading seance -  https://2007-2012.nosdeputes.fr/seance/2430/820/json
            dumping seance - 2008-05-14T10:00_2430
           downloading seance -  https://2007-2012.nosdeputes.fr/seance/2534/820/json
            dumping seance - 2008-05-13T11:30_2534
    * step - 1ère lecture hemicycle http://www.assemblee-nationale.fr/13/ta/ta0150.asp
      * downloading amendments: https://nosdeputes.fr/13/amendements/820/json?cache=5feb2018 for http://www.assemblee-nationale.fr/13/projets/pl0820.asp
        parsing amendments: 631
      * downloading interventions
        * downloading seances -  https://2007-2012.nosdeputes.fr/seances/820/json?hemicycle=1
           downloading seance -  https://2007-2012.nosdeputes.fr/seance/103/820/json
            dumping seance - 2008-05-28T15:00_103
           downloading seance -  https://2007-2012.nosdeputes.fr/seance/131/820/json
            dumping seance - 2008-05-29T15:00_131
           downloading seance -  https://2007-2012.nosdeputes.fr/seance/138/820/json
            dumping seance - 2008-06-03T15:00_138
           downloading seance -  https://2007-2012.nosdeputes.fr/seance/181/820/json
            dumping seance - 2008-05-21T21:30_181
           downloading seance -  https://2007-2012.nosdeputes.fr/seance/231/820/json
            dumping seance - 2008-05-27T15:00_231
           downloading seance -  https://2007-2012.nosdeputes.fr/seance/291/820/json
            dumping seance - 2008-05-22T21:30_291
           downloading seance -  https://2007-2012.nosdeputes.fr/seance/346/820/json
            dumping seance - 2008-05-20T21:30_346
           downloading seance -  https://2007-2012.nosdeputes.fr/seance/355/820/json
            dumping seance - 2008-05-22T15:00_355
           downloading seance -  https://2007-2012.nosdeputes.fr/seance/358/820/json
            dumping seance - 2008-05-28T21:30_358
           downloading seance -  https://2007-2012.nosdeputes.fr/seance/378/820/json
            dumping seance - 2008-05-21T15:00_378
           downloading seance -  https://2007-2012.nosdeputes.fr/seance/420/820/json
            dumping seance - 2008-05-27T21:30_420
           downloading seance -  https://2007-2012.nosdeputes.fr/seance/436/820/json
            dumping seance - 2008-05-26T21:30_436
           downloading seance -  https://2007-2012.nosdeputes.fr/seance/546/820/json
            dumping seance - 2008-05-29T10:45_546
    * step - 1ère lecture depot https://www.senat.fr/leg/pjl07-365.html
    * step - 1ère lecture commission https://www.senat.fr/rap/l07-387/l07-387.html
      * downloading amendments: https://nossenateurs.fr/amendements/20072008-365/json?cache=5feb2018 for https://www.senat.fr/leg/pjl07-365.html
        parsing amendments: 495
WARNING: amendments ignored (not the right step) 495
      * downloading interventions
        * downloading seances -  https://www.nossenateurs.fr/seances/20072008-365/json?commission=1
           downloading seance -  https://www.nossenateurs.fr/seance/3324/20072008-365/json
    * step - 1ère lecture hemicycle https://www.senat.fr/leg/tas07-116.html
      * downloading amendments: https://nossenateurs.fr/amendements/20072008-365/json?cache=5feb2018 for https://www.senat.fr/leg/pjl07-365.html
        parsing amendments: 495
WARNING: no groupe found for http://www.nossenateurs.fr/amendement/20072008-365/44
      * downloading interventions
        * downloading seances -  https://www.nossenateurs.fr/seances/20072008-365/json?hemicycle=1
           downloading seance -  https://www.nossenateurs.fr/seance/1247/20072008-365/json
           downloading seance -  https://www.nossenateurs.fr/seance/1288/20072008-365/json
            dumping seance - 2008-06-18T15:00_1288
           downloading seance -  https://www.nossenateurs.fr/seance/1336/20072008-365/json
           downloading seance -  https://www.nossenateurs.fr/seance/1668/20072008-365/json
            dumping seance - 2008-06-17T16:00_1668
           downloading seance -  https://www.nossenateurs.fr/seance/1669/20072008-365/json
            dumping seance - 2008-06-17T22:30_1669
           downloading seance -  https://www.nossenateurs.fr/seance/1844/20072008-365/json
            dumping seance - 2008-06-20T09:45_1844
           downloading seance -  https://www.nossenateurs.fr/seance/216/20072008-365/json
            dumping seance - 2008-06-23T15:00_216
           downloading seance -  https://www.nossenateurs.fr/seance/217/20072008-365/json
            dumping seance - 2008-06-23T21:45_217
           downloading seance -  https://www.nossenateurs.fr/seance/752/20072008-365/json
           downloading seance -  https://www.nossenateurs.fr/seance/769/20072008-365/json
            dumping seance - 2008-06-24T10:00_769
           downloading seance -  https://www.nossenateurs.fr/seance/770/20072008-365/json
            dumping seance - 2008-06-24T16:00_770
    * step - 2ème lecture depot http://www.assemblee-nationale.fr/13/projets/pl0993.asp
    * step - 2ème lecture commission http://www.assemblee-nationale.fr/13/rapports/r1009.asp
      * downloading amendments: https://nosdeputes.fr/13/amendements/993/json?cache=5feb2018 for http://www.assemblee-nationale.fr/13/projets/pl0993.asp
        parsing amendments: 324
WARNING: amendments ignored (not the right step) 324
      * downloading interventions
        * downloading seances -  https://2007-2012.nosdeputes.fr/seances/993/json?commission=1
           downloading seance -  https://2007-2012.nosdeputes.fr/seance/1216/993/json
            dumping seance - 2008-07-08T14:30_1216
           downloading seance -  https://2007-2012.nosdeputes.fr/seance/1505/993/json
            dumping seance - 2008-07-02T10:00_1505
    * step - 2ème lecture hemicycle http://www.assemblee-nationale.fr/13/ta/ta0172.asp
      * downloading amendments: https://nosdeputes.fr/13/amendements/993/json?cache=5feb2018 for http://www.assemblee-nationale.fr/13/projets/pl0993.asp
        parsing amendments: 324
      * downloading interventions
        * downloading seances -  https://2007-2012.nosdeputes.fr/seances/993/json?hemicycle=1
           downloading seance -  https://2007-2012.nosdeputes.fr/seance/273/993/json
            dumping seance - 2008-07-09T21:30_273
           downloading seance -  https://2007-2012.nosdeputes.fr/seance/526/993/json
            dumping seance - 2008-07-08T21:30_526
           downloading seance -  https://2007-2012.nosdeputes.fr/seance/597/993/json
            dumping seance - 2008-07-08T15:00_597
           downloading seance -  https://2007-2012.nosdeputes.fr/seance/73/993/json
            dumping seance - 2008-07-09T16:30_73
    * step - 2ème lecture depot https://www.senat.fr/leg/pjl07-459.html
    * step - 2ème lecture commission https://www.senat.fr/rap/l07-463/l07-463.html
      * downloading amendments: https://nossenateurs.fr/amendements/20072008-459/json?cache=5feb2018 for https://www.senat.fr/leg/pjl07-459.html
        parsing amendments: 137
WARNING: amendments ignored (not the right step) 137
      * downloading interventions
        * downloading seances -  https://www.nossenateurs.fr/seances/20072008-459/json?commission=1
    * step - 2ème lecture hemicycle https://www.senat.fr/leg/tas07-137.html
      * downloading amendments: https://nossenateurs.fr/amendements/20072008-459/json?cache=5feb2018 for https://www.senat.fr/leg/pjl07-459.html
        parsing amendments: 137
      * downloading interventions
        * downloading seances -  https://www.nossenateurs.fr/seances/20072008-459/json?hemicycle=1
           downloading seance -  https://www.nossenateurs.fr/seance/1135/20072008-459/json
            dumping seance - 2008-07-15T16:00_1135
           downloading seance -  https://www.nossenateurs.fr/seance/1580/20072008-459/json
            dumping seance - 2008-07-16T15:00_1580
           downloading seance -  https://www.nossenateurs.fr/seance/197/20072008-459/json
    * step - congrès hemicycle https://www.senat.fr/leg/tac07-002.html
ERROR - last step is from another institution
    * step - promulgation None https://www.legifrance.gouv.fr/affichTexte.do?cidTexte=JORFTEXT000019237256&categorieLien=id
 - re-order interventions and correct procedure dates
INFO: change beginning date of 1 thanks to 2008-05-06T16:15_1050
INFO: change end date of 1 thanks to 2008-05-20T14:45_1280
INFO: change beginning date of 2 thanks to 2008-05-28T15:00_103
INFO: change beginning date of 2 thanks to 2008-05-21T21:30_181
INFO: change beginning date of 2 thanks to 2008-05-20T21:30_346
INFO: change beginning date of 5 thanks to 2008-06-18T15:00_1288
INFO: change beginning date of 5 thanks to 2008-06-17T16:00_1668
INFO: change end date of 7 thanks to 2008-07-08T14:30_1216
INFO: change beginning date of 8 thanks to 2008-07-08T21:30_526
INFO: change beginning date of 11 thanks to 2008-07-15T16:00_1135
 - prepare interventions.json
 - compute stats
  FINISHED - pjl07-365
