======
pjl09-200
 -= DOSLEG URL: http://www.senat.fr/dossier-legislatif/pjl09-200.html =-
  [] download SENAT version
  [] parse SENAT version
## ERROR ### CMP.hemicycle WITHOUT BOTH SENAT AND ASSEMBLEE
  [] download AN version
  [] parse AN version
        title: projet de loi de modernisation de l'agriculture et de la pêche
  [] parse the texts
** parsing texts
    ^ text:  https://www.senat.fr/leg/pjl09-200.html
    ^ text:  https://www.senat.fr/leg/pjl09-437.html
    ^ text:  https://www.senat.fr/leg/tas09-112.html
    ^ text:  http://www.assemblee-nationale.fr/13/projets/pl2559.asp
    ^ text:  http://www.assemblee-nationale.fr/13/ta-commission/r2636-a0.asp
    ^ text:  http://www.assemblee-nationale.fr/13/ta/ta0510.asp
    ^ text:  https://www.senat.fr/rap/l09-654/l09-654.html
        ^ text url fixed: https://www.senat.fr/rap/l09-654/l09-6542.html
    ^ text:  https://www.senat.fr/leg/tas09-156.html
    ^ text:  http://www.assemblee-nationale.fr/13/ta/ta0522.asp
    ^ text:  https://www.legifrance.gouv.fr/affichTexte.do?cidTexte=JORFTEXT000022521587&categorieLien=id
     * re-ordered CMP steps
    ^ complete text:  https://www.senat.fr/leg/pjl09-200.html
    ^ complete text:  https://www.senat.fr/leg/pjl09-437.html
    ^ complete text:  https://www.senat.fr/leg/tas09-112.html
    ^ complete text:  http://www.assemblee-nationale.fr/13/projets/pl2559.asp
    ^ complete text:  http://www.assemblee-nationale.fr/13/ta-commission/r2636-a0.asp
    ^ complete text:  http://www.assemblee-nationale.fr/13/ta/ta0510.asp
    ^ complete text:  https://www.senat.fr/rap/l09-654/l09-6542.html
    ^ complete text:  http://www.assemblee-nationale.fr/13/ta/ta0522.asp
    ^ complete text:  https://www.senat.fr/leg/tas09-156.html
WARNING BIG DIFFERENCE BETWEEN RENUMBERED ARTICLE 17 octies B <-> 74 360 Vs 250 chars, similarity; 0.69
    ^ complete text:  https://www.legifrance.gouv.fr/affichTexte.do?cidTexte=JORFTEXT000022521587&categorieLien=id
  [] format data for the frontend
     writing to: pjl09-200_tmp
 - process article versions
      * preparing articles for step 00_1erelecture_senat_depot
      * preparing articles for step 01_1erelecture_senat_commission
      * preparing articles for step 02_1erelecture_senat_hemicycle
      * preparing articles for step 04_1erelecture_assemblee_commission
      * preparing articles for step 05_1erelecture_assemblee_hemicycle
      * preparing articles for step 06_cmp_cmp_commission
      * preparing articles for step 07_cmp_assemblee_hemicycle
      * preparing articles for step 08_cmp_senat_hemicycle
 - process amendements & interventions
    * step - 1ère lecture depot https://www.senat.fr/leg/pjl09-200.html
    * step - 1ère lecture commission https://www.senat.fr/leg/pjl09-437.html
      * downloading amendments: https://nossenateurs.fr/amendements/20092010-200/json?cache=5feb2018 for https://www.senat.fr/leg/pjl09-200.html
        parsing amendments: 0
      * downloading interventions
        * downloading seances -  https://www.nossenateurs.fr/seances/20092010-200/json?commission=1
           downloading seance -  https://www.nossenateurs.fr/seance/3401/20092010-200/json
           downloading seance -  https://www.nossenateurs.fr/seance/3402/20092010-200/json
           downloading seance -  https://www.nossenateurs.fr/seance/3403/20092010-200/json
           downloading seance -  https://www.nossenateurs.fr/seance/3404/20092010-200/json
           downloading seance -  https://www.nossenateurs.fr/seance/4065/20092010-200/json
           downloading seance -  https://www.nossenateurs.fr/seance/4066/20092010-200/json
           downloading seance -  https://www.nossenateurs.fr/seance/4768/20092010-200/json
           downloading seance -  https://www.nossenateurs.fr/seance/4947/20092010-200/json
           downloading seance -  https://www.nossenateurs.fr/seance/4948/20092010-200/json
           downloading seance -  https://www.nossenateurs.fr/seance/4949/20092010-200/json
           downloading seance -  https://www.nossenateurs.fr/seance/5013/20092010-200/json
    * step - 1ère lecture hemicycle https://www.senat.fr/leg/tas09-112.html
      * downloading amendments: https://nossenateurs.fr/amendements/20092010-437/json?cache=5feb2018 for https://www.senat.fr/leg/pjl09-437.html
        parsing amendments: 680
WARNING: no groupe found for http://www.nossenateurs.fr/amendement/20092010-437/322
WARNING: no groupe found for http://www.nossenateurs.fr/amendement/20092010-437/324
WARNING: no groupe found for http://www.nossenateurs.fr/amendement/20092010-437/333
WARNING: no groupe found for http://www.nossenateurs.fr/amendement/20092010-437/336
WARNING: no groupe found for http://www.nossenateurs.fr/amendement/20092010-437/514
WARNING: no groupe found for http://www.nossenateurs.fr/amendement/20092010-437/516
WARNING: no groupe found for http://www.nossenateurs.fr/amendement/20092010-437/645
      * downloading interventions
        * downloading seances -  https://www.nossenateurs.fr/seances/20092010-437/json?hemicycle=1
           downloading seance -  https://www.nossenateurs.fr/seance/1129/20092010-437/json
            dumping seance - 2010-05-28T09:30_1129
           downloading seance -  https://www.nossenateurs.fr/seance/1184/20092010-437/json
            dumping seance - 2010-05-25T14:30_1184
           downloading seance -  https://www.nossenateurs.fr/seance/1453/20092010-437/json
            dumping seance - 2010-05-20T15:00_1453
           downloading seance -  https://www.nossenateurs.fr/seance/1771/20092010-437/json
            dumping seance - 2010-05-18T15:00_1771
           downloading seance -  https://www.nossenateurs.fr/seance/1772/20092010-437/json
            dumping seance - 2010-05-18T22:10_1772
           downloading seance -  https://www.nossenateurs.fr/seance/417/20092010-437/json
            dumping seance - 2010-05-29T09:30_417
           downloading seance -  https://www.nossenateurs.fr/seance/418/20092010-437/json
            dumping seance - 2010-05-29T15:00_418
           downloading seance -  https://www.nossenateurs.fr/seance/645/20092010-437/json
            dumping seance - 2010-05-26T14:30_645
           downloading seance -  https://www.nossenateurs.fr/seance/707/20092010-437/json
            dumping seance - 2010-05-19T21:30_707
    * step - 1ère lecture depot http://www.assemblee-nationale.fr/13/projets/pl2559.asp
    * step - 1ère lecture commission http://www.assemblee-nationale.fr/13/ta-commission/r2636-a0.asp
      * downloading amendments: https://nosdeputes.fr/13/amendements/2559/json?cache=5feb2018 for http://www.assemblee-nationale.fr/13/projets/pl2559.asp
        parsing amendments: 0
      * downloading interventions
        * downloading seances -  https://2007-2012.nosdeputes.fr/seances/2559/json?commission=1
           downloading seance -  https://2007-2012.nosdeputes.fr/seance/3688/2559/json
            dumping seance - 2010-06-02T09:30_3688
           downloading seance -  https://2007-2012.nosdeputes.fr/seance/3704/2559/json
            dumping seance - 2010-06-02T16:00_3704
           downloading seance -  https://2007-2012.nosdeputes.fr/seance/3723/2559/json
            dumping seance - 2010-06-09T09:30_3723
           downloading seance -  https://2007-2012.nosdeputes.fr/seance/3730/2559/json
            dumping seance - 2010-06-08T17:00_3730
           downloading seance -  https://2007-2012.nosdeputes.fr/seance/3737/2559/json
            dumping seance - 2010-06-10T10:00_3737
           downloading seance -  https://2007-2012.nosdeputes.fr/seance/3741/2559/json
            dumping seance - 2010-06-02T21:00_3741
           downloading seance -  https://2007-2012.nosdeputes.fr/seance/3757/2559/json
            dumping seance - 2010-06-16T10:00_3757
           downloading seance -  https://2007-2012.nosdeputes.fr/seance/3769/2559/json
            dumping seance - 2010-06-16T18:00_3769
           downloading seance -  https://2007-2012.nosdeputes.fr/seance/3770/2559/json
            dumping seance - 2010-06-16T21:45_3770
           downloading seance -  https://2007-2012.nosdeputes.fr/seance/3771/2559/json
            dumping seance - 2010-06-17T10:00_3771
    * step - 1ère lecture hemicycle http://www.assemblee-nationale.fr/13/ta/ta0510.asp
      * downloading amendments: https://nosdeputes.fr/13/amendements/2636/json?cache=5feb2018 for http://www.assemblee-nationale.fr/13/ta-commission/r2636-a0.asp
        parsing amendments: 1246
      * downloading interventions
        * downloading seances -  https://2007-2012.nosdeputes.fr/seances/2636/json?hemicycle=1
           downloading seance -  https://2007-2012.nosdeputes.fr/seance/3815/2636/json
            dumping seance - 2010-06-29T15:00_3815
           downloading seance -  https://2007-2012.nosdeputes.fr/seance/3820/2636/json
            dumping seance - 2010-06-29T21:45_3820
           downloading seance -  https://2007-2012.nosdeputes.fr/seance/3822/2636/json
            dumping seance - 2010-06-30T15:00_3822
           downloading seance -  https://2007-2012.nosdeputes.fr/seance/3836/2636/json
            dumping seance - 2010-06-30T21:30_3836
           downloading seance -  https://2007-2012.nosdeputes.fr/seance/3995/2636/json
            dumping seance - 2010-07-02T09:30_3995
           downloading seance -  https://2007-2012.nosdeputes.fr/seance/3997/2636/json
            dumping seance - 2010-07-06T15:00_3997
           downloading seance -  https://2007-2012.nosdeputes.fr/seance/3998/2636/json
            dumping seance - 2010-07-02T21:30_3998
           downloading seance -  https://2007-2012.nosdeputes.fr/seance/3999/2636/json
            dumping seance - 2010-07-01T09:30_3999
           downloading seance -  https://2007-2012.nosdeputes.fr/seance/4001/2636/json
            dumping seance - 2010-07-01T21:30_4001
           downloading seance -  https://2007-2012.nosdeputes.fr/seance/4002/2636/json
            dumping seance - 2010-07-02T15:30_4002
           downloading seance -  https://2007-2012.nosdeputes.fr/seance/4006/2636/json
            dumping seance - 2010-07-01T15:00_4006
    * step - CMP commission https://www.senat.fr/rap/l09-654/l09-6542.html
    * step - CMP hemicycle http://www.assemblee-nationale.fr/13/ta/ta0522.asp
      * downloading amendments: https://nosdeputes.fr/13/amendements/2723/json?cache=5feb2018 for http://www.assemblee-nationale.fr/13/rapports/r2723.asp
        parsing amendments: 0
      * downloading interventions
        * downloading seances -  https://2007-2012.nosdeputes.fr/seances/2723/json?hemicycle=1
           downloading seance -  https://2007-2012.nosdeputes.fr/seance/4011/2723/json
            dumping seance - 2010-07-12T21:30_4011
    * step - CMP hemicycle https://www.senat.fr/leg/tas09-156.html
      * downloading amendments: https://nossenateurs.fr/amendements/20092010-654/json?cache=5feb2018 for https://www.senat.fr/rap/l09-654/l09-6542.html
        parsing amendments: 0
      * downloading interventions
        * downloading seances -  https://www.nossenateurs.fr/seances/20092010-654/json?hemicycle=1
           downloading seance -  https://www.nossenateurs.fr/seance/1657/20092010-654/json
            dumping seance - 2010-07-13T14:30_1657
    * step - promulgation None https://www.legifrance.gouv.fr/affichTexte.do?cidTexte=JORFTEXT000022521587&categorieLien=id
 - re-order interventions and correct procedure dates
INFO: change beginning date of 2 thanks to 2010-05-28T09:30_1129
INFO: change beginning date of 2 thanks to 2010-05-25T14:30_1184
INFO: change beginning date of 2 thanks to 2010-05-20T15:00_1453
INFO: change beginning date of 2 thanks to 2010-05-18T15:00_1771
INFO: change beginning date of 4 thanks to 2010-06-02T09:30_3688
INFO: change beginning date of 5 thanks to 2010-06-29T15:00_3815
INFO: change beginning date of 7 thanks to 2010-07-12T21:30_4011
 - prepare interventions.json
 - compute stats
  FINISHED - pjl09-200
