======
pjl16-580
 -= DOSLEG URL: http://www.senat.fr/dossier-legislatif/pjl16-580.html =-
  [] download SENAT version
  [] parse SENAT version
  [] download AN version
  [] parse AN version
  - ERROR missing text PRJLSNR5S279BTA0114
  - ERROR missing text PRJLANR5L15BTA0009
  - WARNING Unknown step type CMP-SAISIE
  - WARNING Unknown step type CMP-DEC
  - ERROR missing text PRJLSNR5S279BTA0128
  - ERROR missing text PRJLANR5L15BTA0018
  - WARNING Unknown step type CC-SAISIE-DROIT
  - WARNING Unknown step type CC-CONCLUSION
        title: projet de loi organique pour la confiance dans la vie politique
  [] parse the texts
** parsing texts
    ^ text:  https://www.senat.fr/leg/pjl16-580.html
    ^ text:  https://www.senat.fr/leg/pjl16-608.html
    ^ text:  https://www.senat.fr/leg/tas16-114.html
    ^ text:  http://www.assemblee-nationale.fr/dyn/opendata/PRJLANR5L15B0099.html
    ^ text:  http://www.assemblee-nationale.fr/dyn/opendata/PRJLANR5L15BTC0105.html
    ^ text:  http://www.assemblee-nationale.fr/dyn/opendata/PRJLANR5L15BTA0009.html
    ^ text:  https://www.senat.fr/leg/pjl16-702.html
    ^ text:  http://www.assemblee-nationale.fr/dyn/opendata/PRJLANR5L15B0122.html
    ^ text:  http://www.assemblee-nationale.fr/dyn/opendata/PRJLANR5L15BTC0124.html
    ^ text:  http://www.assemblee-nationale.fr/dyn/opendata/PRJLANR5L15BTA0017.html
    ^ text:  https://www.senat.fr/leg/pjl16-707.html
    ^ text:  https://www.senat.fr/leg/pjl16-709.html
    ^ text:  https://www.senat.fr/leg/tas16-128.html
    ^ text:  http://www.assemblee-nationale.fr/dyn/opendata/PRJLANR5L15BTA0017.html
    ^ text:  http://www.assemblee-nationale.fr/dyn/opendata/PRJLANR5L15BTA0018.html
    ^ text:  https://www.conseil-constitutionnel.fr/decision/2017/2017753DC.htm
    ^ text:  https://www.legifrance.gouv.fr/jorf/id/JORFTEXT000035567936
    ^ complete text:  https://www.senat.fr/leg/pjl16-580.html
    ^ complete text:  https://www.senat.fr/leg/pjl16-608.html
    ^ complete text:  https://www.senat.fr/leg/tas16-114.html
    ^ complete text:  http://www.assemblee-nationale.fr/dyn/opendata/PRJLANR5L15B0099.html
    ^ complete text:  http://www.assemblee-nationale.fr/dyn/opendata/PRJLANR5L15BTC0105.html
    ^ complete text:  http://www.assemblee-nationale.fr/dyn/opendata/PRJLANR5L15BTA0009.html
    ^ complete text:  https://www.senat.fr/leg/pjl16-702.html
    ^ complete text:  http://www.assemblee-nationale.fr/dyn/opendata/PRJLANR5L15B0122.html
    ^ complete text:  http://www.assemblee-nationale.fr/dyn/opendata/PRJLANR5L15BTC0124.html
    ^ complete text:  http://www.assemblee-nationale.fr/dyn/opendata/PRJLANR5L15BTA0017.html
    ^ complete text:  https://www.senat.fr/leg/pjl16-707.html
    ^ complete text:  https://www.senat.fr/leg/pjl16-709.html
    ^ complete text:  https://www.senat.fr/leg/tas16-128.html
    ^ complete text:  http://www.assemblee-nationale.fr/dyn/opendata/PRJLANR5L15BTA0017.html
[step_logic] l. définitive / depot: fetching last AN hemi or last CMP commission
    ^ complete text:  http://www.assemblee-nationale.fr/dyn/opendata/PRJLANR5L15BTA0018.html
[step_logic] l. définitive / hemicycle: fetching last AN hemi or last CMP commission
WARNING BIG DIFFERENCE BETWEEN RENUMBERED ARTICLE 9 quater <-> 17 1353 Vs 198 chars, similarity; 0.13
    ^ complete text:  https://www.conseil-constitutionnel.fr/decision/2017/2017753DC.htm
    ^ complete text:  https://www.legifrance.gouv.fr/jorf/id/JORFTEXT000035567936
  [] format data for the frontend
     writing to: pjl16-580_tmp
 - process article versions
      * preparing articles for step 00_1erelecture_senat_depot
      * preparing articles for step 01_1erelecture_senat_commission
      * preparing articles for step 02_1erelecture_senat_hemicycle
      * preparing articles for step 04_1erelecture_assemblee_commission
      * preparing articles for step 05_1erelecture_assemblee_hemicycle
      * preparing articles for step 06_cmp_cmp_commission
      * preparing articles for step 08_nouv.lect._assemblee_commission
      * preparing articles for step 09_nouv.lect._assemblee_hemicycle
      * preparing articles for step 11_nouv.lect._senat_commission
      * preparing articles for step 12_nouv.lect._senat_hemicycle
      * preparing articles for step 14_l.définitive_assemblee_hemicycle
Matched an article deleted in this step 8_bis
      * preparing articles for step 15_constitutionnalité_conseilconstitutionnel_
 - process amendements & interventions
    * step - 1ère lecture depot https://www.senat.fr/leg/pjl16-580.html
    * step - 1ère lecture commission https://www.senat.fr/leg/pjl16-608.html
      * downloading amendments: https://www.nossenateurs.fr/amendements/20162017-580/json?cache=lfdll-prod for https://www.senat.fr/leg/pjl16-580.html
        parsing amendments: 90
      * downloading interventions
        * downloading seances -  https://www.nossenateurs.fr/seances/20162017-580/json?commission=1
           downloading seance -  https://www.nossenateurs.fr/seance/16399/20162017-580/json
           downloading seance -  https://www.nossenateurs.fr/seance/16424/20162017-580/json
           downloading seance -  https://www.nossenateurs.fr/seance/16425/20162017-580/json
    * step - 1ère lecture hemicycle https://www.senat.fr/leg/tas16-114.html
      * downloading amendments: https://www.nossenateurs.fr/amendements/20162017-608/json?cache=lfdll-prod for https://www.senat.fr/leg/pjl16-608.html
        parsing amendments: 82
      * downloading interventions
        * downloading seances -  https://www.nossenateurs.fr/seances/20162017-608/json?hemicycle=1
           downloading seance -  https://www.nossenateurs.fr/seance/16415/20162017-608/json
            dumping seance - 2017-07-10T16:00_16415
           downloading seance -  https://www.nossenateurs.fr/seance/16431/20162017-608/json
            dumping seance - 2017-07-11T14:15_16431
           downloading seance -  https://www.nossenateurs.fr/seance/16433/20162017-608/json
            dumping seance - 2017-07-12T14:30_16433
           downloading seance -  https://www.nossenateurs.fr/seance/16435/20162017-608/json
            dumping seance - 2017-07-13T09:30_16435
    * step - 1ère lecture depot http://www.assemblee-nationale.fr/dyn/opendata/PRJLANR5L15B0099.html
    * step - 1ère lecture commission http://www.assemblee-nationale.fr/dyn/opendata/PRJLANR5L15BTC0105.html
      * downloading amendments: https://2017-2022.nosdeputes.fr/15/amendements/99/json?cache=lfdll-prod for http://www.assemblee-nationale.fr/dyn/opendata/PRJLANR5L15B0099.html
        parsing amendments: 144
      * downloading interventions
        * downloading seances -  https://2017-2022.nosdeputes.fr/15/seances/99/json?commission=1
    * step - 1ère lecture hemicycle http://www.assemblee-nationale.fr/dyn/opendata/PRJLANR5L15BTA0009.html
      * downloading amendments: https://2017-2022.nosdeputes.fr/15/amendements/105/json?cache=lfdll-prod for http://www.assemblee-nationale.fr/dyn/opendata/PRJLANR5L15BTC0105.html
        parsing amendments: 349
      * downloading interventions
        * downloading seances -  https://2017-2022.nosdeputes.fr/15/seances/105/json?hemicycle=1
           downloading seance -  https://2017-2022.nosdeputes.fr/15/seance/101/105/json
            dumping seance - 2017-07-25T15:00_101
           downloading seance -  https://2017-2022.nosdeputes.fr/15/seance/102/105/json
            dumping seance - 2017-07-25T21:30_102
           downloading seance -  https://2017-2022.nosdeputes.fr/15/seance/103/105/json
            dumping seance - 2017-07-26T15:00_103
           downloading seance -  https://2017-2022.nosdeputes.fr/15/seance/104/105/json
            dumping seance - 2017-07-26T21:30_104
           downloading seance -  https://2017-2022.nosdeputes.fr/15/seance/105/105/json
            dumping seance - 2017-07-27T09:30_105
           downloading seance -  https://2017-2022.nosdeputes.fr/15/seance/106/105/json
            dumping seance - 2017-07-27T15:00_106
           downloading seance -  https://2017-2022.nosdeputes.fr/15/seance/111/105/json
            dumping seance - 2017-07-27T21:30_111
           downloading seance -  https://2017-2022.nosdeputes.fr/15/seance/112/105/json
            dumping seance - 2017-07-28T09:30_112
           downloading seance -  https://2017-2022.nosdeputes.fr/15/seance/113/105/json
            dumping seance - 2017-07-28T15:15_113
           downloading seance -  https://2017-2022.nosdeputes.fr/15/seance/114/105/json
            dumping seance - 2017-07-28T21:50_114
           downloading seance -  https://2017-2022.nosdeputes.fr/15/seance/126/105/json
            dumping seance - 2017-08-03T09:30_126
           downloading seance -  https://2017-2022.nosdeputes.fr/15/seance/127/105/json
            dumping seance - 2017-08-03T15:00_127
           downloading seance -  https://2017-2022.nosdeputes.fr/15/seance/131/105/json
            dumping seance - 2017-08-09T15:00_131
           downloading seance -  https://2017-2022.nosdeputes.fr/15/seance/84/105/json
            dumping seance - 2017-07-24T16:00_84
           downloading seance -  https://2017-2022.nosdeputes.fr/15/seance/85/105/json
            dumping seance - 2017-07-24T21:30_85
    * step - CMP commission https://www.senat.fr/leg/pjl16-702.html
    * step - nouv. lect. depot http://www.assemblee-nationale.fr/dyn/opendata/PRJLANR5L15B0122.html
    * step - nouv. lect. commission http://www.assemblee-nationale.fr/dyn/opendata/PRJLANR5L15BTC0124.html
      * downloading amendments: https://2017-2022.nosdeputes.fr/15/amendements/122/json?cache=lfdll-prod for http://www.assemblee-nationale.fr/dyn/opendata/PRJLANR5L15B0122.html
        parsing amendments: 44
      * downloading interventions
        * downloading seances -  https://2017-2022.nosdeputes.fr/15/seances/122/json?commission=1
        * downloading seances -  https://2017-2022.nosdeputes.fr/15/seances/105/json?commission=1
    * step - nouv. lect. hemicycle http://www.assemblee-nationale.fr/dyn/opendata/PRJLANR5L15BTA0017.html
      * downloading amendments: https://2017-2022.nosdeputes.fr/15/amendements/124/json?cache=lfdll-prod for http://www.assemblee-nationale.fr/dyn/opendata/PRJLANR5L15BTC0124.html
        parsing amendments: 72
      * downloading interventions
        * downloading seances -  https://2017-2022.nosdeputes.fr/15/seances/124/json?hemicycle=1
           downloading seance -  https://2017-2022.nosdeputes.fr/15/seance/101/124/json
            dumping seance - 2017-07-25T15:00_101
           downloading seance -  https://2017-2022.nosdeputes.fr/15/seance/102/124/json
            dumping seance - 2017-07-25T21:30_102
           downloading seance -  https://2017-2022.nosdeputes.fr/15/seance/103/124/json
            dumping seance - 2017-07-26T15:00_103
           downloading seance -  https://2017-2022.nosdeputes.fr/15/seance/104/124/json
            dumping seance - 2017-07-26T21:30_104
           downloading seance -  https://2017-2022.nosdeputes.fr/15/seance/105/124/json
            dumping seance - 2017-07-27T09:30_105
           downloading seance -  https://2017-2022.nosdeputes.fr/15/seance/106/124/json
            dumping seance - 2017-07-27T15:00_106
           downloading seance -  https://2017-2022.nosdeputes.fr/15/seance/111/124/json
            dumping seance - 2017-07-27T21:30_111
           downloading seance -  https://2017-2022.nosdeputes.fr/15/seance/112/124/json
            dumping seance - 2017-07-28T09:30_112
           downloading seance -  https://2017-2022.nosdeputes.fr/15/seance/113/124/json
            dumping seance - 2017-07-28T15:15_113
           downloading seance -  https://2017-2022.nosdeputes.fr/15/seance/114/124/json
            dumping seance - 2017-07-28T21:50_114
           downloading seance -  https://2017-2022.nosdeputes.fr/15/seance/126/124/json
            dumping seance - 2017-08-03T09:30_126
           downloading seance -  https://2017-2022.nosdeputes.fr/15/seance/127/124/json
            dumping seance - 2017-08-03T15:00_127
           downloading seance -  https://2017-2022.nosdeputes.fr/15/seance/131/124/json
            dumping seance - 2017-08-09T15:00_131
           downloading seance -  https://2017-2022.nosdeputes.fr/15/seance/84/124/json
            dumping seance - 2017-07-24T16:00_84
           downloading seance -  https://2017-2022.nosdeputes.fr/15/seance/85/124/json
            dumping seance - 2017-07-24T21:30_85
    * step - nouv. lect. depot https://www.senat.fr/leg/pjl16-707.html
    * step - nouv. lect. commission https://www.senat.fr/leg/pjl16-709.html
      * downloading amendments: https://www.nossenateurs.fr/amendements/20162017-707/json?cache=lfdll-prod for https://www.senat.fr/leg/pjl16-707.html
        parsing amendments: 33
      * downloading interventions
        * downloading seances -  https://www.nossenateurs.fr/seances/20162017-707/json?commission=1
    * step - nouv. lect. hemicycle https://www.senat.fr/leg/tas16-128.html
      * downloading amendments: https://www.nossenateurs.fr/amendements/20162017-709/json?cache=lfdll-prod for https://www.senat.fr/leg/pjl16-709.html
        parsing amendments: 4
      * downloading interventions
        * downloading seances -  https://www.nossenateurs.fr/seances/20162017-709/json?hemicycle=1
           downloading seance -  https://www.nossenateurs.fr/seance/16548/20162017-709/json
            dumping seance - 2017-08-04T15:00_16548
    * step - l. définitive depot http://www.assemblee-nationale.fr/dyn/opendata/PRJLANR5L15BTA0017.html
    * step - l. définitive hemicycle http://www.assemblee-nationale.fr/dyn/opendata/PRJLANR5L15BTA0018.html
[step_logic] l. définitive / hemicycle: fetching last AN hemi or last CMP commission
      * downloading amendments: https://2017-2022.nosdeputes.fr/15/amendements/TA17/json?cache=lfdll-prod for http://www.assemblee-nationale.fr/dyn/opendata/PRJLANR5L15BTA0017.html
 WARNING: TA - trying alternative url too https://2017-2022.nosdeputes.fr/15/amendements/TA0017/json?cache=lfdll-prod
        parsing amendments: 24
      * downloading interventions
        * downloading seances -  https://2017-2022.nosdeputes.fr/15/seances/TA17/json?hemicycle=1
    * step - constitutionnalité None https://www.conseil-constitutionnel.fr/decision/2017/2017753DC.htm
    * step - promulgation None https://www.legifrance.gouv.fr/jorf/id/JORFTEXT000035567936
 - re-order interventions and correct procedure dates
INFO: change beginning date of 2 thanks to 2017-07-10T16:00_16415
INFO: change beginning date of 5 thanks to 2017-07-25T15:00_101
INFO: moves  2017-08-03T09:30_126  from step 5 to step 8
INFO: moves  2017-08-03T15:00_127  from step 5 to step 8
INFO: moves  2017-08-09T15:00_131  from step 5 to step 13
INFO: change beginning date of 5 thanks to 2017-07-24T16:00_84
INFO: change end date of 8 thanks to 2017-08-03T09:30_126
ERROR: PB date of 2017-07-25T15:00_101 , step begins 2017-08-03 and prev date ends 2017-08-03
ERROR: PB date of 2017-07-25T21:30_102 , step begins 2017-08-03 and prev date ends 2017-08-03
ERROR: PB date of 2017-07-26T15:00_103 , step begins 2017-08-03 and prev date ends 2017-08-03
ERROR: PB date of 2017-07-26T21:30_104 , step begins 2017-08-03 and prev date ends 2017-08-03
ERROR: PB date of 2017-07-27T09:30_105 , step begins 2017-08-03 and prev date ends 2017-08-03
ERROR: PB date of 2017-07-27T15:00_106 , step begins 2017-08-03 and prev date ends 2017-08-03
ERROR: PB date of 2017-07-27T21:30_111 , step begins 2017-08-03 and prev date ends 2017-08-03
ERROR: PB date of 2017-07-28T09:30_112 , step begins 2017-08-03 and prev date ends 2017-08-03
ERROR: PB date of 2017-07-28T15:15_113 , step begins 2017-08-03 and prev date ends 2017-08-03
ERROR: PB date of 2017-07-28T21:50_114 , step begins 2017-08-03 and prev date ends 2017-08-03
INFO: moves  2017-08-09T15:00_131  from step 9 to step 13
ERROR: PB date of 2017-07-24T16:00_84 , step begins 2017-08-03 and prev date ends 2017-08-03
ERROR: PB date of 2017-07-24T21:30_85 , step begins 2017-08-03 and prev date ends 2017-08-03
INFO: change end date of 13 thanks to 2017-08-09T15:00_131
 - prepare interventions.json
 - compute stats
  FINISHED - pjl16-580
