======
pjl12-135
 -= DOSLEG URL: http://www.senat.fr/dossier-legislatif/pjl12-135.html =-
  [] download SENAT version
  [] parse SENAT version
  [] download AN version
  [] parse AN version
        title: projet de loi autorisant l'approbation de l'avenant à la convention entre le Gouvernement de la République française et le Gouvernement du Sultanat d'Oman en vue d'éviter les doubles impositions
  [] parse the texts
** parsing texts
    ^ text:  http://www.assemblee-nationale.fr/14/projets/pl0307.asp
    ^ text:  http://www.assemblee-nationale.fr/14/ta-commission/r0406-a0.asp
        ^ empty response, trying url rapport : http://www.assemblee-nationale.fr/14/rapports/r0406.asp
    ^ text:  http://www.assemblee-nationale.fr/14/ta/ta0035.asp
    ^ text:  https://www.senat.fr/leg/pjl12-135.html
    ^ text:  https://www.senat.fr/leg/pjl12-314.html
    ^ text:  https://www.senat.fr/leg/tas12-095.html
    ^ text:  https://www.legifrance.gouv.fr/affichTexte.do?cidTexte=JORFTEXT000027093631&categorieLien=id
    ^ complete text:  http://www.assemblee-nationale.fr/14/projets/pl0307.asp
    ^ complete text:  http://www.assemblee-nationale.fr/14/rapports/r0406.asp
    ^ complete text:  http://www.assemblee-nationale.fr/14/ta/ta0035.asp
    ^ complete text:  https://www.senat.fr/leg/pjl12-135.html
    ^ complete text:  https://www.senat.fr/leg/pjl12-314.html
    ^ complete text:  https://www.senat.fr/leg/tas12-095.html
    ^ complete text:  https://www.legifrance.gouv.fr/affichTexte.do?cidTexte=JORFTEXT000027093631&categorieLien=id
  [] format data for the frontend
     writing to: pjl12-135_tmp
 - process article versions
      * preparing articles for step 00_1erelecture_assemblee_depot
      * preparing articles for step 01_1erelecture_assemblee_commission
      * preparing articles for step 02_1erelecture_assemblee_hemicycle
      * preparing articles for step 04_1erelecture_senat_commission
      * preparing articles for step 05_1erelecture_senat_hemicycle
 - process amendements & interventions
    * step - 1ère lecture depot http://www.assemblee-nationale.fr/14/projets/pl0307.asp
    * step - 1ère lecture commission http://www.assemblee-nationale.fr/14/rapports/r0406.asp
      * downloading amendments: https://2012-2017.nosdeputes.fr/14/amendements/307/json?cache=5feb2018 for http://www.assemblee-nationale.fr/14/projets/pl0307.asp
        parsing amendments: 0
      * downloading interventions
        * downloading seances -  https://2012-2017.nosdeputes.fr/14/seances/307/json?commission=1
    * step - 1ère lecture hemicycle http://www.assemblee-nationale.fr/14/ta/ta0035.asp
      * downloading amendments: https://2012-2017.nosdeputes.fr/14/amendements/406/json?cache=5feb2018 for http://www.assemblee-nationale.fr/14/rapports/r0406.asp
        parsing amendments: 0
      * downloading interventions
        * downloading seances -  https://2012-2017.nosdeputes.fr/14/seances/406/json?hemicycle=1
           downloading seance -  https://2012-2017.nosdeputes.fr/14/seance/514/406/json
            dumping seance - 2012-11-19T17:00_514
    * step - 1ère lecture depot https://www.senat.fr/leg/pjl12-135.html
    * step - 1ère lecture commission https://www.senat.fr/leg/pjl12-314.html
      * downloading amendments: https://www.nossenateurs.fr/amendements/20122013-135/json?cache=5feb2018 for https://www.senat.fr/leg/pjl12-135.html
        parsing amendments: 0
      * downloading interventions
        * downloading seances -  https://www.nossenateurs.fr/seances/20122013-135/json?commission=1
           downloading seance -  https://www.nossenateurs.fr/seance/8906/20122013-135/json
    * step - 1ère lecture hemicycle https://www.senat.fr/leg/tas12-095.html
      * downloading amendments: https://www.nossenateurs.fr/amendements/20122013-314/json?cache=5feb2018 for https://www.senat.fr/leg/pjl12-314.html
        parsing amendments: 0
      * downloading interventions
        * downloading seances -  https://www.nossenateurs.fr/seances/20122013-314/json?hemicycle=1
           downloading seance -  https://www.nossenateurs.fr/seance/8935/20122013-314/json
            dumping seance - 2013-02-07T15:00_8935
    * step - promulgation None https://www.legifrance.gouv.fr/affichTexte.do?cidTexte=JORFTEXT000027093631&categorieLien=id
 - re-order interventions and correct procedure dates
 - prepare interventions.json
 - compute stats
  FINISHED - pjl12-135
